Using pre-set license
Built from '2020.2/release' branch; Version is '2020.2.2f1 (068178b99f32) revision 426360'; Using compiler version '192528614'; Build Type 'Release'
OS: 'Windows 10 Pro; OS build 19042.928; Version 2009; 64bit' Language: 'en' Physical Memory: 8005 MB
BatchMode: 1, IsHumanControllingUs: 0, StartBugReporterOnCrash: 0, Is64bit: 1, IsPro: 0

 COMMAND LINE ARGUMENTS:
D:\Unity\2020.2.2f1\Editor\Unity.exe
-adb2
-batchMode
-noUpm
-name
AssetImportWorker0
-projectPath
D:/Unity/MyProject/LineColor
-logFile
Logs/AssetImportWorker0.log
-srvPort
62707
Successfully changed project path to: D:/Unity/MyProject/LineColor
D:/Unity/MyProject/LineColor
Using Asset Import Pipeline V2.
Refreshing native plugins compatible for Editor in 23.55 ms, found 0 plugins.
Preloading 0 native plugins for Editor in 0.00 ms.
Initialize engine version: 2020.2.2f1 (068178b99f32)
[Subsystems] Discovering subsystems at path D:/Unity/2020.2.2f1/Editor/Data/Resources/UnitySubsystems
[Subsystems] Discovering subsystems at path D:/Unity/MyProject/LineColor/Assets
GfxDevice: creating device client; threaded=0
Direct3D:
    Version:  Direct3D 11.0 [level 11.1]
    Renderer: NVIDIA GeForce MX230 (ID=0x1d11)
    Vendor:   
    VRAM:     1984 MB
    Driver:   25.21.14.1788
Initialize mono
Mono path[0] = 'D:/Unity/2020.2.2f1/Editor/Data/Managed'
Mono path[1] = 'D:/Unity/2020.2.2f1/Editor/Data/MonoBleedingEdge/lib/mono/unityjit'
Mono config path = 'D:/Unity/2020.2.2f1/Editor/Data/MonoBleedingEdge/etc'
Using monoOptions --debugger-agent=transport=dt_socket,embedding=1,server=y,suspend=n,address=127.0.0.1:56376
Begin MonoManager ReloadAssembly
Registering precompiled unity dll's ...
Register platform support module: D:/Unity/2020.2.2f1/Editor/Data/PlaybackEngines/WebGLSupport/UnityEditor.WebGL.Extensions.dll
Register platform support module: D:/Unity/2020.2.2f1/Editor/Data/PlaybackEngines/WindowsStandaloneSupport/UnityEditor.WindowsStandalone.Extensions.dll
Registered in 0.002039 seconds.
Native extension for WindowsStandalone target not found
Native extension for WebGL target not found
Refreshing native plugins compatible for Editor in 24.32 ms, found 0 plugins.
Preloading 0 native plugins for Editor in 0.00 ms.
Invoked RoslynAnalysisRunner static constructor.
RoslynAnalysisRunner will not be running.
RoslynAnalysisRunner has terminated.
Mono: successfully reloaded assembly
- Completed reload, in  1.641 seconds
Platform modules already initialized, skipping
Registering precompiled user dll's ...
Registered in 0.000661 seconds.
Begin MonoManager ReloadAssembly
Native extension for WindowsStandalone target not found
Native extension for WebGL target not found
Refreshing native plugins compatible for Editor in 0.20 ms, found 0 plugins.
Preloading 0 native plugins for Editor in 0.00 ms.
Invoked RoslynAnalysisRunner static constructor.
RoslynAnalysisRunner will not be running.
RoslynAnalysisRunner has terminated.
Mono: successfully reloaded assembly
- Completed reload, in  0.843 seconds
Platform modules already initialized, skipping
========================================================================
Worker process is ready to serve import requests
Launched and connected shader compiler UnityShaderCompiler.exe after 0.10 seconds
Refreshing native plugins compatible for Editor in 0.32 ms, found 0 plugins.
Preloading 0 native plugins for Editor in 0.00 ms.
Unloading 1104 Unused Serialized files (Serialized files now loaded: 0)
System memory in use before: 56.9 MB.
System memory in use after: 57.0 MB.

Unloading 9 unused Assets to reduce memory usage. Loaded Objects now: 1547.
Total: 3.072400 ms (FindLiveObjects: 0.251500 ms CreateObjectMapping: 0.107200 ms MarkObjects: 2.627100 ms  DeleteObjects: 0.084400 ms)

========================================================================
Received Import Request.
  path: Assets/Objects/3.fbx
  artifactKey: Guid(0a835c2625f85b34795dd93226b46472) Importer(815301076,1909f56bfc062723c751e8b465ee728b)
Start importing Assets/Objects/3.fbx using Guid(0a835c2625f85b34795dd93226b46472) Importer(815301076,1909f56bfc062723c751e8b465ee728b)  -> (artifact id: 'fed5387933a1d57e83ee9e7d808f0690') in 0.377633 seconds
  Import took 0.387621 seconds .

========================================================================
Received Import Request.
  Time since last request: 0.000398 seconds.
  path: Assets/Objects/4.fbx
  artifactKey: Guid(b111c95743db79842965dfb4fba49f8d) Importer(815301076,1909f56bfc062723c751e8b465ee728b)
Start importing Assets/Objects/4.fbx using Guid(b111c95743db79842965dfb4fba49f8d) Importer(815301076,1909f56bfc062723c751e8b465ee728b)  -> (artifact id: '6a3c652ee40d816ab4677d79d8bc65d7') in 0.035601 seconds
  Import took 0.038090 seconds .

========================================================================
Received Import Request.
  Time since last request: 0.000209 seconds.
  path: Assets/Objects/finish.fbx
  artifactKey: Guid(87ff4dec42b12914d95504bac3bd7654) Importer(815301076,1909f56bfc062723c751e8b465ee728b)
Start importing Assets/Objects/finish.fbx using Guid(87ff4dec42b12914d95504bac3bd7654) Importer(815301076,1909f56bfc062723c751e8b465ee728b)  -> (artifact id: '7cd97571ca9799d14589e87967697547') in 0.045655 seconds
  Import took 0.047761 seconds .

========================================================================
Received Import Request.
  Time since last request: 0.000287 seconds.
  path: Assets/Objects/8.fbx
  artifactKey: Guid(edaa1664effb83244abc353c907c6416) Importer(815301076,1909f56bfc062723c751e8b465ee728b)
Start importing Assets/Objects/8.fbx using Guid(edaa1664effb83244abc353c907c6416) Importer(815301076,1909f56bfc062723c751e8b465ee728b)  -> (artifact id: 'db5c9f260cd9887ccc32ac5014fb373f') in 0.092686 seconds
  Import took 0.095307 seconds .

========================================================================
Received Import Request.
  Time since last request: 0.000312 seconds.
  path: Assets/Objects/Ocean50x50W750H750.asset
  artifactKey: Guid(ebfb4988eb16add4784122504f75fe2f) Importer(815301076,1909f56bfc062723c751e8b465ee728b)
Start importing Assets/Objects/Ocean50x50W750H750.asset using Guid(ebfb4988eb16add4784122504f75fe2f) Importer(815301076,1909f56bfc062723c751e8b465ee728b)  -> (artifact id: '918e8089208dc12d7a4d1b95cb047564') in 0.026883 seconds
  Import took 0.029223 seconds .

========================================================================
Received Import Request.
  Time since last request: 0.000289 seconds.
  path: Assets/Objects/6.fbx
  artifactKey: Guid(c43a5e74700558142913436cfb5c239b) Importer(815301076,1909f56bfc062723c751e8b465ee728b)
Start importing Assets/Objects/6.fbx using Guid(c43a5e74700558142913436cfb5c239b) Importer(815301076,1909f56bfc062723c751e8b465ee728b)  -> (artifact id: 'e6b61d770f77c40bc1c8ff3424aafa1c') in 0.121139 seconds
  Import took 0.123865 seconds .

========================================================================
Received Import Request.
  Time since last request: 0.000399 seconds.
  path: Assets/Objects/2.fbx
  artifactKey: Guid(2eee3b0c082dd4f42a8cbd77e4837d4c) Importer(815301076,1909f56bfc062723c751e8b465ee728b)
Start importing Assets/Objects/2.fbx using Guid(2eee3b0c082dd4f42a8cbd77e4837d4c) Importer(815301076,1909f56bfc062723c751e8b465ee728b)  -> (artifact id: '99edfa03977e8e797257951b01d322fe') in 0.047473 seconds
  Import took 0.049996 seconds .

========================================================================
Received Import Request.
  Time since last request: 0.000306 seconds.
  path: Assets/Objects/wood.fbx
  artifactKey: Guid(4a78b6ab8e1c654478ea66b378639b73) Importer(815301076,1909f56bfc062723c751e8b465ee728b)
Start importing Assets/Objects/wood.fbx using Guid(4a78b6ab8e1c654478ea66b378639b73) Importer(815301076,1909f56bfc062723c751e8b465ee728b)  -> (artifact id: 'e54b4f4edd0ed9aeba334911e91d586e') in 0.040871 seconds
  Import took 0.043144 seconds .

========================================================================
Received Import Request.
  Time since last request: 0.000349 seconds.
  path: Assets/Objects/5.fbx
  artifactKey: Guid(2cb1fe0a58c516c4ea816d9255c65323) Importer(815301076,1909f56bfc062723c751e8b465ee728b)
Start importing Assets/Objects/5.fbx using Guid(2cb1fe0a58c516c4ea816d9255c65323) Importer(815301076,1909f56bfc062723c751e8b465ee728b)  -> (artifact id: '380bf22ab469a2ef04e14a20782f6515') in 0.079099 seconds
  Import took 0.096406 seconds .

========================================================================
Received Import Request.
  Time since last request: 0.000387 seconds.
  path: Assets/Prefabs/BarierWings .prefab
  artifactKey: Guid(095a05012d910f64ba9d55786c3dfc2b) Importer(815301076,1909f56bfc062723c751e8b465ee728b)
Start importing Assets/Prefabs/BarierWings .prefab using Guid(095a05012d910f64ba9d55786c3dfc2b) Importer(815301076,1909f56bfc062723c751e8b465ee728b)  -> (artifact id: '2255b4ffc68870833a4ef701d393a511') in 0.017361 seconds
  Import took 0.019832 seconds .

========================================================================
Received Import Request.
  Time since last request: 0.000454 seconds.
  path: Assets/Prefabs/Puff_Mobile.prefab
  artifactKey: Guid(1628fcc2b087e1a489ef09c5c9dd5ed2) Importer(815301076,1909f56bfc062723c751e8b465ee728b)
Start importing Assets/Prefabs/Puff_Mobile.prefab using Guid(1628fcc2b087e1a489ef09c5c9dd5ed2) Importer(815301076,1909f56bfc062723c751e8b465ee728b)  -> (artifact id: 'c808ebc9da7862188fba9f22ef027e9c') in 0.030682 seconds
  Import took 0.033009 seconds .

========================================================================
Received Import Request.
  Time since last request: 0.000452 seconds.
  path: Assets/Objects/1.fbx
  artifactKey: Guid(7e203249769177640848f7fd31c9c30e) Importer(815301076,1909f56bfc062723c751e8b465ee728b)
Start importing Assets/Objects/1.fbx using Guid(7e203249769177640848f7fd31c9c30e) Importer(815301076,1909f56bfc062723c751e8b465ee728b)  -> (artifact id: '4870e817da55b544d97c50f283f46df6') in 0.076815 seconds
  Import took 0.080556 seconds .

AssetImportWorkerClient::OnTransportError - code=2 error=End of file
